<?xml version="1.0" encoding="UTF-8" ?>
<testsuite tests="8" failures="0" name="fr.adaming.testDao.EtudiantDaoImplTest" time="0.525" errors="0" skipped="0">
  <properties>
[...]
</properties>
  <testcase classname="fr.adaming.testDao.EtudiantDaoImplTest" name="testUpdateEtudiant" time="0.102"/>
  <testcase classname="fr.adaming.testDao.EtudiantDaoImplTest" name="testGetEtudiantById" time="0.046"/>
  <testcase classname="fr.adaming.testDao.EtudiantDaoImplTest" name="testGetAllEtudiantSize" time="0.103"/>
  <testcase classname="fr.adaming.testDao.EtudiantDaoImplTest" name="testGetAllEtudiantsNom" time="0.011"/>
  <testcase classname="fr.adaming.testDao.EtudiantDaoImplTest" name="testDeleteEtudiant" time="0.16"/>
  <testcase classname="fr.adaming.testDao.EtudiantDaoImplTest" name="testAddEtudiantNom" time="0.073"/>
  <testcase classname="fr.adaming.testDao.EtudiantDaoImplTest" name="testGetEtudiantByIdNom" time="0.011"/>
  <testcase classname="fr.adaming.testDao.EtudiantDaoImplTest" name="testAddEtudiant" time="0.019"/>
</testsuite>